[15/Dec/2020 20:59:48 Europe/Stockholm] [Info] ############################################################
[15/Dec/2020 20:59:48 Europe/Stockholm] [Info] # Output Factory initiated (html5)
[15/Dec/2020 20:59:48 Europe/Stockholm] [Info] # Building output for: Inversol Solar Controller
[15/Dec/2020 20:59:48 Europe/Stockholm] [Info] # URL /document/edit/2612
[15/Dec/2020 20:59:48 Europe/Stockholm] [Info] # User: Jeff Haynes
[15/Dec/2020 20:59:48 Europe/Stockholm] [Info] # Time: Tue, 15 Dec 2020 20:59:48 +0100
[15/Dec/2020 20:59:48 Europe/Stockholm] [Info] # Server: crest
[15/Dec/2020 20:59:48 Europe/Stockholm] [Info] ############################################################
[15/Dec/2020 20:59:48 Europe/Stockholm] [Info] Group: custom
[15/Dec/2020 20:59:48 Europe/Stockholm] [Info] Type: html5
[15/Dec/2020 20:59:48 Europe/Stockholm] [Info] Transformation: /var/www/ccms/usr/council-rock/xsl/custom/layout-2476.xsl
[15/Dec/2020 20:59:48 Europe/Stockholm] [Info] File found: /var/www/ccms/usr/council-rock/xsl/custom/layout-2476.xsl
[15/Dec/2020 20:59:48 Europe/Stockholm] [Info] ############################################################
[15/Dec/2020 20:59:48 Europe/Stockholm] [Info] Building output for: html5
[15/Dec/2020 20:59:48 Europe/Stockholm] [Info] Using stylesheet: /var/www/ccms/usr/council-rock/xsl/custom/layout-2476.xsl
[15/Dec/2020 20:59:48 Europe/Stockholm] [Info] Parameters for this build: (array) []
[15/Dec/2020 20:59:48 Europe/Stockholm] [Info] Environment variables for this build: (array) []
[15/Dec/2020 20:59:48 Europe/Stockholm] [Info] Building output for languages: (array) ["en","es"]
[15/Dec/2020 20:59:48 Europe/Stockholm] [Info] Building multilang: no
[15/Dec/2020 20:59:48 Europe/Stockholm] [Info] Building preview: no
[15/Dec/2020 20:59:48 Europe/Stockholm] [Info] ############################################################
[15/Dec/2020 20:59:49 Europe/Stockholm] [Info] Using build directory: /paligo/tmp/council-rock/production-5fd915b39fde51.93593353/2612-Inversol_Solar_Controller-html5
[15/Dec/2020 20:59:50 Europe/Stockholm] [Info] -- Generating source files
[15/Dec/2020 20:59:50 Europe/Stockholm] [Info] -- Propagating taxonomies: false
[15/Dec/2020 20:59:50 Europe/Stockholm] [Info] -- Source files have been generated
[15/Dec/2020 20:59:50 Europe/Stockholm] [Info] -- Publication has no unresolved dependencies.
[15/Dec/2020 20:59:50 Europe/Stockholm] [Info] -- Generating source files complete.
[15/Dec/2020 20:59:51 Europe/Stockholm] [Info] Localizing: publication-2612.xml
[15/Dec/2020 20:59:51 Europe/Stockholm] [Info] Language: en
[15/Dec/2020 20:59:51 Europe/Stockholm] [Info] Language: es
[15/Dec/2020 20:59:52 Europe/Stockholm] [Info] Variable sets found: 0
[15/Dec/2020 20:59:53 Europe/Stockholm] [Info] Inserting image links.
[15/Dec/2020 20:59:53 Europe/Stockholm] [Info] Found 20 image(s).
[15/Dec/2020 20:59:53 Europe/Stockholm] [Info] Found image 'inversol_logo_BW.png'
[15/Dec/2020 20:59:53 Europe/Stockholm] [Info] Found image 'Product_Image_1.png'
[15/Dec/2020 20:59:53 Europe/Stockholm] [Info] Found image '1500Series_FrontView.png'
[15/Dec/2020 20:59:53 Europe/Stockholm] [Info] Found image '1500Series_RearView.png'
[15/Dec/2020 20:59:53 Europe/Stockholm] [Info] Found image '3000Series_FrontView.png'
[15/Dec/2020 20:59:53 Europe/Stockholm] [Info] Found image '3000Series_RearView.png'
[15/Dec/2020 20:59:53 Europe/Stockholm] [Info] Found image 'CableTool.png'
[15/Dec/2020 20:59:53 Europe/Stockholm] [Info] Found image 'additional_panel_connex.png'
[15/Dec/2020 20:59:53 Europe/Stockholm] [Info] Found image '1500_expansion_diagram.png'
[15/Dec/2020 20:59:53 Europe/Stockholm] [Info] Found image '3000_expansion_diagram.png'
[15/Dec/2020 20:59:53 Europe/Stockholm] [Info] Found image '1500_control_panel.png'
[15/Dec/2020 20:59:53 Europe/Stockholm] [Info] Found image '3000_control_panel.png'
[15/Dec/2020 20:59:53 Europe/Stockholm] [Info] Found image 'controllerDisplay.png'
[15/Dec/2020 20:59:53 Europe/Stockholm] [Info] Found image 'monitoring_display.png'
[15/Dec/2020 20:59:53 Europe/Stockholm] [Info] Found image 'diagram_of_menus.png'
[15/Dec/2020 20:59:53 Europe/Stockholm] [Info] Found image 'appliance_chart.png'
[15/Dec/2020 20:59:53 Europe/Stockholm] [Info] Found image 'appliance_loads.png'
[15/Dec/2020 20:59:53 Europe/Stockholm] [Info] Found image 'combining_appliances.png'
[15/Dec/2020 20:59:53 Europe/Stockholm] [Info] Found image 'icon_facebook.png'
[15/Dec/2020 20:59:53 Europe/Stockholm] [Info] Found image 'icon_twitter.png'
[15/Dec/2020 20:59:54 Europe/Stockholm] [Info] Profiling parameters: (array) []
[15/Dec/2020 20:59:54 Europe/Stockholm] [Info] Profiling customisation: /var/www/ccms/usr/council-rock/xsl/profile.xsl (not found)
[15/Dec/2020 20:59:54 Europe/Stockholm] [Info] Transformation: publication-2612--en.org.xml -> publication-2612--en.xml [profile.xsl]
[15/Dec/2020 20:59:54 Europe/Stockholm] [Info] Transformation: publication-2612--es.org.xml -> publication-2612--es.xml [profile.xsl]
[15/Dec/2020 20:59:54 Europe/Stockholm] [Info] Transformation: publication-2612--en.xml -> publication-2612--en.xml [internal-xref.xsl]
[15/Dec/2020 20:59:54 Europe/Stockholm] [Info] Transformation: publication-2612--es.xml -> publication-2612--es.xml [internal-xref.xsl]
[15/Dec/2020 20:59:55 Europe/Stockholm] [Info] Transformation: A-filelist.xml -> B-sorted.xml [IO.document.sortlang.xsl]
[15/Dec/2020 20:59:55 Europe/Stockholm] [Info] Transformation: B-sorted.xml -> C-concatenated.xml [IO.document.concat.xsl]
[15/Dec/2020 20:59:55 Europe/Stockholm] [Info] Transformation: B-sorted.xml -> index-en.xml [IO.document.head.xsl]
[15/Dec/2020 20:59:55 Europe/Stockholm] [Info] Transformation: A-filelist.xml -> B-sorted.xml [IO.document.sortlang.xsl]
[15/Dec/2020 20:59:55 Europe/Stockholm] [Info] Transformation: B-sorted.xml -> C-concatenated.xml [IO.document.concat.xsl]
[15/Dec/2020 20:59:55 Europe/Stockholm] [Info] Transformation: B-sorted.xml -> index-es.xml [IO.document.head.xsl]
[15/Dec/2020 20:59:55 Europe/Stockholm] [Info] Created copy: /var/www/ccms/usr/council-rock/xsl/custom/layout-2476.xsl -> /var/www/ccms/usr/council-rock/xsl/custom/5fd915bb486b7.xsl
[15/Dec/2020 20:59:55 Europe/Stockholm] [Info] Created symlink: /var/www/ccms/application/lib/docbook/xsl/html5/html5.toc.xsl -> /var/www/ccms/usr/council-rock/xsl/custom/5fd915bb486b7.toc.xsl
[15/Dec/2020 20:59:55 Europe/Stockholm] [Info] Created symlink: /var/www/ccms/application/lib/docbook/xsl/html5/html5.page.xsl -> /var/www/ccms/usr/council-rock/xsl/custom/5fd915bb486b7.page.xsl
[15/Dec/2020 20:59:55 Europe/Stockholm] [Info] Created symlink: /var/www/ccms/application/lib/docbook/xsl/html5/html5.index.xsl -> /var/www/ccms/usr/council-rock/xsl/custom/5fd915bb486b7.index.xsl
[15-Dec-2020 20:59:56 Europe/Stockholm] Parsing manifest file: css/*, css/image/*, css/image/callouts/*, js/*, fonts/*
[15-Dec-2020 20:59:56 Europe/Stockholm] Filename: css/*
[15-Dec-2020 20:59:56 Europe/Stockholm] Source directory: /var/www/ccms/application/lib/docbook/xsl/html5
[15-Dec-2020 20:59:56 Europe/Stockholm] Target directory: /paligo/tmp/council-rock/production-5fd915b39fde51.93593353/2612-Inversol_Solar_Controller-html5/out
[15-Dec-2020 20:59:56 Europe/Stockholm] Copy file 'bootstrap-3.0.2.min.css'
[15-Dec-2020 20:59:56 Europe/Stockholm] Copy file 'bootstrap-theme-3.0.2.min.css'
[15-Dec-2020 20:59:56 Europe/Stockholm] Copy file 'bootstrap-theme.min.css'
[15-Dec-2020 20:59:56 Europe/Stockholm] Copy file 'bootstrap-theme.min.css.map'
[15-Dec-2020 20:59:56 Europe/Stockholm] Copy file 'bootstrap.min.css'
[15-Dec-2020 20:59:56 Europe/Stockholm] Copy file 'bootstrap.min.css.map'
[15-Dec-2020 20:59:56 Europe/Stockholm] Copy file 'content-theme1.css'
[15-Dec-2020 20:59:56 Europe/Stockholm] Copy file 'content-theme2.css'
[15-Dec-2020 20:59:56 Europe/Stockholm] Copy file 'docbook.css'
[15-Dec-2020 20:59:56 Europe/Stockholm] Copy file 'font-awesome.css'
[15-Dec-2020 20:59:56 Europe/Stockholm] Copy file 'graphical-lists.css'
[15-Dec-2020 20:59:56 Europe/Stockholm] Copy file 'html5.algoliasearch.css'
[15-Dec-2020 20:59:56 Europe/Stockholm] Copy file 'html5.algoliasearchpage.css'
[15-Dec-2020 20:59:56 Europe/Stockholm] Copy file 'mathml.css'
[15-Dec-2020 20:59:56 Europe/Stockholm] Copy file 'roboto.font.css'
[15-Dec-2020 20:59:56 Europe/Stockholm] Copy file 'rwd-table.min.css'
[15-Dec-2020 20:59:56 Europe/Stockholm] Copy file 'sm-core-css.css'
[15-Dec-2020 20:59:56 Europe/Stockholm] Copy file 'sm-simple.css'
[15-Dec-2020 20:59:56 Europe/Stockholm] Copy file 'style-api-responsive.css'
[15-Dec-2020 20:59:56 Europe/Stockholm] Copy file 'style-api.css'
[15-Dec-2020 20:59:56 Europe/Stockholm] Copy file 'style-common.css'
[15-Dec-2020 20:59:56 Europe/Stockholm] Copy file 'style-index-page.css'
[15-Dec-2020 20:59:56 Europe/Stockholm] Copy file 'style-modern-tables.css'
[15-Dec-2020 20:59:56 Europe/Stockholm] Copy file 'style-print.css'
[15-Dec-2020 20:59:56 Europe/Stockholm] Copy file 'style-responsive.css'
[15-Dec-2020 20:59:56 Europe/Stockholm] Copy file 'style-revealjs-slides.css'
[15-Dec-2020 20:59:56 Europe/Stockholm] Copy file 'style-single-page.css'
[15-Dec-2020 20:59:56 Europe/Stockholm] Copy file 'style.css'
[15-Dec-2020 20:59:56 Europe/Stockholm] Copy file 'theme0.css'
[15-Dec-2020 20:59:56 Europe/Stockholm] Copy file 'theme1-colors.css'
[15-Dec-2020 20:59:56 Europe/Stockholm] Copy file 'theme1.css'
[15-Dec-2020 20:59:56 Europe/Stockholm] Copy file 'theme2-colors.css'
[15-Dec-2020 20:59:56 Europe/Stockholm] Copy file 'theme2.css'
[15-Dec-2020 20:59:56 Europe/Stockholm] Copy file 'theme3-colors.css'
[15-Dec-2020 20:59:56 Europe/Stockholm] Copy file 'theme3.css'
[15-Dec-2020 20:59:56 Europe/Stockholm] Copy file 'theme3b-colors.css'
[15-Dec-2020 20:59:56 Europe/Stockholm] Copy file 'theme3b.css'
[15-Dec-2020 20:59:56 Europe/Stockholm] Filename: css/image/*
[15-Dec-2020 20:59:56 Europe/Stockholm] Source directory: /var/www/ccms/application/lib/docbook/xsl/html5
[15-Dec-2020 20:59:56 Europe/Stockholm] Target directory: /paligo/tmp/council-rock/production-5fd915b39fde51.93593353/2612-Inversol_Solar_Controller-html5/out
[15-Dec-2020 20:59:56 Europe/Stockholm] Copy file 'breadcrumb-seperator.png'
[15-Dec-2020 20:59:56 Europe/Stockholm] Copy file 'caution.png'
[15-Dec-2020 20:59:56 Europe/Stockholm] Copy file 'corporate-logo-blue-inverted.svg'
[15-Dec-2020 20:59:56 Europe/Stockholm] Copy file 'corporate-logo-blue.svg'
[15-Dec-2020 20:59:56 Europe/Stockholm] Copy file 'corporate-logo-white.png'
[15-Dec-2020 20:59:56 Europe/Stockholm] Copy file 'corporate-logo-white.svg'
[15-Dec-2020 20:59:56 Europe/Stockholm] Copy file 'corporate-logo.png'
[15-Dec-2020 20:59:56 Europe/Stockholm] Copy file 'corporate-logo.svg'
[15-Dec-2020 20:59:56 Europe/Stockholm] Copy file 'important.png'
[15-Dec-2020 20:59:56 Europe/Stockholm] Copy file 'note.png'
[15-Dec-2020 20:59:56 Europe/Stockholm] Copy file 'portal1-bg.jpg'
[15-Dec-2020 20:59:56 Europe/Stockholm] Copy file 'portal2a-bg.jpg'
[15-Dec-2020 20:59:56 Europe/Stockholm] Copy file 'portal2b-bg.jpg'
[15-Dec-2020 20:59:56 Europe/Stockholm] Copy file 'portal2c-bg.jpg'
[15-Dec-2020 20:59:56 Europe/Stockholm] Copy file 'subheader-bg.png'
[15-Dec-2020 20:59:56 Europe/Stockholm] Copy file 'warning.png'
[15-Dec-2020 20:59:56 Europe/Stockholm] Filename: css/image/callouts/*
[15-Dec-2020 20:59:56 Europe/Stockholm] Source directory: /var/www/ccms/application/lib/docbook/xsl/html5
[15-Dec-2020 20:59:56 Europe/Stockholm] Target directory: /paligo/tmp/council-rock/production-5fd915b39fde51.93593353/2612-Inversol_Solar_Controller-html5/out
[15-Dec-2020 20:59:56 Europe/Stockholm] Copy file '1.gif'
[15-Dec-2020 20:59:56 Europe/Stockholm] Copy file '1.png'
[15-Dec-2020 20:59:56 Europe/Stockholm] Copy file '1.svg'
[15-Dec-2020 20:59:56 Europe/Stockholm] Copy file '10.gif'
[15-Dec-2020 20:59:56 Europe/Stockholm] Copy file '10.png'
[15-Dec-2020 20:59:56 Europe/Stockholm] Copy file '10.svg'
[15-Dec-2020 20:59:56 Europe/Stockholm] Copy file '11.gif'
[15-Dec-2020 20:59:56 Europe/Stockholm] Copy file '11.png'
[15-Dec-2020 20:59:56 Europe/Stockholm] Copy file '11.svg'
[15-Dec-2020 20:59:56 Europe/Stockholm] Copy file '12.gif'
[15-Dec-2020 20:59:56 Europe/Stockholm] Copy file '12.png'
[15-Dec-2020 20:59:56 Europe/Stockholm] Copy file '12.svg'
[15-Dec-2020 20:59:56 Europe/Stockholm] Copy file '13.gif'
[15-Dec-2020 20:59:56 Europe/Stockholm] Copy file '13.png'
[15-Dec-2020 20:59:56 Europe/Stockholm] Copy file '13.svg'
[15-Dec-2020 20:59:56 Europe/Stockholm] Copy file '14.gif'
[15-Dec-2020 20:59:56 Europe/Stockholm] Copy file '14.png'
[15-Dec-2020 20:59:56 Europe/Stockholm] Copy file '14.svg'
[15-Dec-2020 20:59:56 Europe/Stockholm] Copy file '15.gif'
[15-Dec-2020 20:59:56 Europe/Stockholm] Copy file '15.png'
[15-Dec-2020 20:59:56 Europe/Stockholm] Copy file '15.svg'
[15-Dec-2020 20:59:56 Europe/Stockholm] Copy file '16.svg'
[15-Dec-2020 20:59:56 Europe/Stockholm] Copy file '17.svg'
[15-Dec-2020 20:59:56 Europe/Stockholm] Copy file '18.svg'
[15-Dec-2020 20:59:56 Europe/Stockholm] Copy file '19.svg'
[15-Dec-2020 20:59:56 Europe/Stockholm] Copy file '2.gif'
[15-Dec-2020 20:59:56 Europe/Stockholm] Copy file '2.png'
[15-Dec-2020 20:59:56 Europe/Stockholm] Copy file '2.svg'
[15-Dec-2020 20:59:56 Europe/Stockholm] Copy file '20.svg'
[15-Dec-2020 20:59:56 Europe/Stockholm] Copy file '21.svg'
[15-Dec-2020 20:59:56 Europe/Stockholm] Copy file '22.svg'
[15-Dec-2020 20:59:56 Europe/Stockholm] Copy file '23.svg'
[15-Dec-2020 20:59:56 Europe/Stockholm] Copy file '24.svg'
[15-Dec-2020 20:59:56 Europe/Stockholm] Copy file '25.svg'
[15-Dec-2020 20:59:56 Europe/Stockholm] Copy file '26.svg'
[15-Dec-2020 20:59:56 Europe/Stockholm] Copy file '27.svg'
[15-Dec-2020 20:59:56 Europe/Stockholm] Copy file '28.svg'
[15-Dec-2020 20:59:56 Europe/Stockholm] Copy file '29.svg'
[15-Dec-2020 20:59:56 Europe/Stockholm] Copy file '3.gif'
[15-Dec-2020 20:59:56 Europe/Stockholm] Copy file '3.png'
[15-Dec-2020 20:59:56 Europe/Stockholm] Copy file '3.svg'
[15-Dec-2020 20:59:56 Europe/Stockholm] Copy file '30.svg'
[15-Dec-2020 20:59:56 Europe/Stockholm] Copy file '4.gif'
[15-Dec-2020 20:59:56 Europe/Stockholm] Copy file '4.png'
[15-Dec-2020 20:59:56 Europe/Stockholm] Copy file '4.svg'
[15-Dec-2020 20:59:56 Europe/Stockholm] Copy file '5.gif'
[15-Dec-2020 20:59:56 Europe/Stockholm] Copy file '5.png'
[15-Dec-2020 20:59:56 Europe/Stockholm] Copy file '5.svg'
[15-Dec-2020 20:59:56 Europe/Stockholm] Copy file '6.gif'
[15-Dec-2020 20:59:56 Europe/Stockholm] Copy file '6.png'
[15-Dec-2020 20:59:56 Europe/Stockholm] Copy file '6.svg'
[15-Dec-2020 20:59:56 Europe/Stockholm] Copy file '7.gif'
[15-Dec-2020 20:59:56 Europe/Stockholm] Copy file '7.png'
[15-Dec-2020 20:59:56 Europe/Stockholm] Copy file '7.svg'
[15-Dec-2020 20:59:56 Europe/Stockholm] Copy file '8.gif'
[15-Dec-2020 20:59:56 Europe/Stockholm] Copy file '8.png'
[15-Dec-2020 20:59:56 Europe/Stockholm] Copy file '8.svg'
[15-Dec-2020 20:59:56 Europe/Stockholm] Copy file '9.gif'
[15-Dec-2020 20:59:56 Europe/Stockholm] Copy file '9.png'
[15-Dec-2020 20:59:56 Europe/Stockholm] Copy file '9.svg'
[15-Dec-2020 20:59:56 Europe/Stockholm] Filename: js/*
[15-Dec-2020 20:59:56 Europe/Stockholm] Source directory: /var/www/ccms/application/lib/docbook/xsl/html5
[15-Dec-2020 20:59:56 Europe/Stockholm] Target directory: /paligo/tmp/council-rock/production-5fd915b39fde51.93593353/2612-Inversol_Solar_Controller-html5/out
[15-Dec-2020 20:59:56 Europe/Stockholm] Copy file 'ajax-loading.js'
[15-Dec-2020 20:59:56 Europe/Stockholm] Copy file 'anchorlinks.js'
[15-Dec-2020 20:59:56 Europe/Stockholm] Copy file 'bootstrap.min.js'
[15-Dec-2020 20:59:56 Europe/Stockholm] Copy file 'checklist.js'
[15-Dec-2020 20:59:56 Europe/Stockholm] Copy file 'clipboard.min.js'
[15-Dec-2020 20:59:56 Europe/Stockholm] Copy file 'cookie-consent.js'
[15-Dec-2020 20:59:56 Europe/Stockholm] Copy file 'create-toc.js'
[15-Dec-2020 20:59:56 Europe/Stockholm] Copy file 'csh.js'
[15-Dec-2020 20:59:56 Europe/Stockholm] Copy file 'fuse.min.js'
[15-Dec-2020 20:59:56 Europe/Stockholm] Copy file 'hilitor.js'
[15-Dec-2020 20:59:56 Europe/Stockholm] Copy file 'html5-2-ajax-hp.js'
[15-Dec-2020 20:59:56 Europe/Stockholm] Copy file 'html5-2-ajax.js'
[15-Dec-2020 20:59:56 Europe/Stockholm] Copy file 'html5-2-mp-common.js'
[15-Dec-2020 20:59:56 Europe/Stockholm] Copy file 'html5-2-portal.js'
[15-Dec-2020 20:59:56 Europe/Stockholm] Copy file 'html5-2.js'
[15-Dec-2020 20:59:56 Europe/Stockholm] Copy file 'html5.algoliasearch.js'
[15-Dec-2020 20:59:56 Europe/Stockholm] Copy file 'html5.algoliasearchpage.js'
[15-Dec-2020 20:59:56 Europe/Stockholm] Copy file 'html5.fuse.search.js'
[15-Dec-2020 20:59:56 Europe/Stockholm] Copy file 'jquery-1.10.2.min.js'
[15-Dec-2020 20:59:56 Europe/Stockholm] Copy file 'jquery-1.10.2.min.map'
[15-Dec-2020 20:59:56 Europe/Stockholm] Copy file 'jquery-migrate-3.0.1.min.js'
[15-Dec-2020 20:59:56 Europe/Stockholm] Copy file 'jquery-ui-1.10.3.custom.min.js'
[15-Dec-2020 20:59:56 Europe/Stockholm] Copy file 'jquery.event.move.js'
[15-Dec-2020 20:59:56 Europe/Stockholm] Copy file 'jquery.event.swipe.js'
[15-Dec-2020 20:59:56 Europe/Stockholm] Copy file 'jquery.mark.min.js'
[15-Dec-2020 20:59:56 Europe/Stockholm] Copy file 'jquery.smartmenus.js'
[15-Dec-2020 20:59:56 Europe/Stockholm] Copy file 'jquery.sticky.js'
[15-Dec-2020 20:59:56 Europe/Stockholm] Copy file 'lunr-single-lang.js'
[15-Dec-2020 20:59:56 Europe/Stockholm] Copy file 'lunr.js'
[15-Dec-2020 20:59:56 Europe/Stockholm] Copy file 'materialize.min.js'
[15-Dec-2020 20:59:56 Europe/Stockholm] Copy file 'mspace.js'
[15-Dec-2020 20:59:56 Europe/Stockholm] Copy file 'purl.js'
[15-Dec-2020 20:59:56 Europe/Stockholm] Copy file 'respond.min.js'
[15-Dec-2020 20:59:56 Europe/Stockholm] Copy file 'responsive-tables.js'
[15-Dec-2020 20:59:56 Europe/Stockholm] Copy file 'rwd-table.min.js'
[15-Dec-2020 20:59:56 Europe/Stockholm] Copy file 'script-api.js'
[15-Dec-2020 20:59:56 Europe/Stockholm] Copy file 'script-revealjs-slides.js'
[15-Dec-2020 20:59:56 Europe/Stockholm] Copy file 'script.js'
[15-Dec-2020 20:59:56 Europe/Stockholm] Copy file 'search.js'
[15-Dec-2020 20:59:56 Europe/Stockholm] Copy file 'updateurl.js'
[15-Dec-2020 20:59:56 Europe/Stockholm] Filename: fonts/*
[15-Dec-2020 20:59:56 Europe/Stockholm] Source directory: /var/www/ccms/application/lib/docbook/xsl/html5
[15-Dec-2020 20:59:56 Europe/Stockholm] Target directory: /paligo/tmp/council-rock/production-5fd915b39fde51.93593353/2612-Inversol_Solar_Controller-html5/out
[15-Dec-2020 20:59:56 Europe/Stockholm] Copy file 'FontAwesome.otf'
[15-Dec-2020 20:59:56 Europe/Stockholm] Copy file 'fontawesome-webfont.eot'
[15-Dec-2020 20:59:56 Europe/Stockholm] Copy file 'fontawesome-webfont.svg'
[15-Dec-2020 20:59:56 Europe/Stockholm] Copy file 'fontawesome-webfont.ttf'
[15-Dec-2020 20:59:56 Europe/Stockholm] Copy file 'fontawesome-webfont.woff'
[15-Dec-2020 20:59:56 Europe/Stockholm] Copy file 'fontawesome-webfont.woff2'
[15-Dec-2020 20:59:56 Europe/Stockholm] Copy file 'glyphicons-halflings-regular.eot'
[15-Dec-2020 20:59:56 Europe/Stockholm] Copy file 'glyphicons-halflings-regular.svg'
[15-Dec-2020 20:59:56 Europe/Stockholm] Copy file 'glyphicons-halflings-regular.ttf'
[15-Dec-2020 20:59:56 Europe/Stockholm] Copy file 'glyphicons-halflings-regular.woff'
[15-Dec-2020 20:59:56 Europe/Stockholm] Copy file 'glyphicons-halflings-regular.woff2'
[15-Dec-2020 20:59:56 Europe/Stockholm] Copy file 'roboto-v20-vietnamese_latin-ext_latin_greek-ext_greek_cyrillic-ext_cyrillic-300.eot'
[15-Dec-2020 20:59:56 Europe/Stockholm] Copy file 'roboto-v20-vietnamese_latin-ext_latin_greek-ext_greek_cyrillic-ext_cyrillic-300.svg'
[15-Dec-2020 20:59:56 Europe/Stockholm] Copy file 'roboto-v20-vietnamese_latin-ext_latin_greek-ext_greek_cyrillic-ext_cyrillic-300.ttf'
[15-Dec-2020 20:59:56 Europe/Stockholm] Copy file 'roboto-v20-vietnamese_latin-ext_latin_greek-ext_greek_cyrillic-ext_cyrillic-300.woff'
[15-Dec-2020 20:59:56 Europe/Stockholm] Copy file 'roboto-v20-vietnamese_latin-ext_latin_greek-ext_greek_cyrillic-ext_cyrillic-300.woff2'
[15-Dec-2020 20:59:56 Europe/Stockholm] Copy file 'roboto-v20-vietnamese_latin-ext_latin_greek-ext_greek_cyrillic-ext_cyrillic-700.eot'
[15-Dec-2020 20:59:56 Europe/Stockholm] Copy file 'roboto-v20-vietnamese_latin-ext_latin_greek-ext_greek_cyrillic-ext_cyrillic-700.svg'
[15-Dec-2020 20:59:56 Europe/Stockholm] Copy file 'roboto-v20-vietnamese_latin-ext_latin_greek-ext_greek_cyrillic-ext_cyrillic-700.ttf'
[15-Dec-2020 20:59:56 Europe/Stockholm] Copy file 'roboto-v20-vietnamese_latin-ext_latin_greek-ext_greek_cyrillic-ext_cyrillic-700.woff'
[15-Dec-2020 20:59:56 Europe/Stockholm] Copy file 'roboto-v20-vietnamese_latin-ext_latin_greek-ext_greek_cyrillic-ext_cyrillic-700.woff2'
[15-Dec-2020 20:59:56 Europe/Stockholm] Copy file 'roboto-v20-vietnamese_latin-ext_latin_greek-ext_greek_cyrillic-ext_cyrillic-regular.eot'
[15-Dec-2020 20:59:56 Europe/Stockholm] Copy file 'roboto-v20-vietnamese_latin-ext_latin_greek-ext_greek_cyrillic-ext_cyrillic-regular.svg'
[15-Dec-2020 20:59:56 Europe/Stockholm] Copy file 'roboto-v20-vietnamese_latin-ext_latin_greek-ext_greek_cyrillic-ext_cyrillic-regular.ttf'
[15-Dec-2020 20:59:56 Europe/Stockholm] Copy file 'roboto-v20-vietnamese_latin-ext_latin_greek-ext_greek_cyrillic-ext_cyrillic-regular.woff'
[15-Dec-2020 20:59:56 Europe/Stockholm] Copy file 'roboto-v20-vietnamese_latin-ext_latin_greek-ext_greek_cyrillic-ext_cyrillic-regular.woff2'
[15-Dec-2020 20:59:56 Europe/Stockholm] Parsing manifest file: css/*, css/image/*, css/image/callouts/*, js/*, fonts/*
[15-Dec-2020 20:59:56 Europe/Stockholm] Filename: css/*
[15-Dec-2020 20:59:56 Europe/Stockholm] Source directory: /var/www/ccms/application/lib/docbook/xsl/html5
[15-Dec-2020 20:59:56 Europe/Stockholm] Target directory: /paligo/tmp/council-rock/production-5fd915b39fde51.93593353/2612-Inversol_Solar_Controller-html5/out
[15-Dec-2020 20:59:56 Europe/Stockholm] Copy file 'bootstrap-3.0.2.min.css'
[15-Dec-2020 20:59:56 Europe/Stockholm] Copy file 'bootstrap-theme-3.0.2.min.css'
[15-Dec-2020 20:59:56 Europe/Stockholm] Copy file 'bootstrap-theme.min.css'
[15-Dec-2020 20:59:56 Europe/Stockholm] Copy file 'bootstrap-theme.min.css.map'
[15-Dec-2020 20:59:56 Europe/Stockholm] Copy file 'bootstrap.min.css'
[15-Dec-2020 20:59:56 Europe/Stockholm] Copy file 'bootstrap.min.css.map'
[15-Dec-2020 20:59:56 Europe/Stockholm] Copy file 'content-theme1.css'
[15-Dec-2020 20:59:56 Europe/Stockholm] Copy file 'content-theme2.css'
[15-Dec-2020 20:59:56 Europe/Stockholm] Copy file 'docbook.css'
[15-Dec-2020 20:59:56 Europe/Stockholm] Copy file 'font-awesome.css'
[15-Dec-2020 20:59:56 Europe/Stockholm] Copy file 'graphical-lists.css'
[15-Dec-2020 20:59:56 Europe/Stockholm] Copy file 'html5.algoliasearch.css'
[15-Dec-2020 20:59:56 Europe/Stockholm] Copy file 'html5.algoliasearchpage.css'
[15-Dec-2020 20:59:56 Europe/Stockholm] Copy file 'mathml.css'
[15-Dec-2020 20:59:56 Europe/Stockholm] Copy file 'roboto.font.css'
[15-Dec-2020 20:59:56 Europe/Stockholm] Copy file 'rwd-table.min.css'
[15-Dec-2020 20:59:56 Europe/Stockholm] Copy file 'sm-core-css.css'
[15-Dec-2020 20:59:56 Europe/Stockholm] Copy file 'sm-simple.css'
[15-Dec-2020 20:59:56 Europe/Stockholm] Copy file 'style-api-responsive.css'
[15-Dec-2020 20:59:56 Europe/Stockholm] Copy file 'style-api.css'
[15-Dec-2020 20:59:56 Europe/Stockholm] Copy file 'style-common.css'
[15-Dec-2020 20:59:56 Europe/Stockholm] Copy file 'style-index-page.css'
[15-Dec-2020 20:59:56 Europe/Stockholm] Copy file 'style-modern-tables.css'
[15-Dec-2020 20:59:56 Europe/Stockholm] Copy file 'style-print.css'
[15-Dec-2020 20:59:56 Europe/Stockholm] Copy file 'style-responsive.css'
[15-Dec-2020 20:59:56 Europe/Stockholm] Copy file 'style-revealjs-slides.css'
[15-Dec-2020 20:59:56 Europe/Stockholm] Copy file 'style-single-page.css'
[15-Dec-2020 20:59:56 Europe/Stockholm] Copy file 'style.css'
[15-Dec-2020 20:59:57 Europe/Stockholm] Copy file 'theme0.css'
[15-Dec-2020 20:59:57 Europe/Stockholm] Copy file 'theme1-colors.css'
[15-Dec-2020 20:59:57 Europe/Stockholm] Copy file 'theme1.css'
[15-Dec-2020 20:59:57 Europe/Stockholm] Copy file 'theme2-colors.css'
[15-Dec-2020 20:59:57 Europe/Stockholm] Copy file 'theme2.css'
[15-Dec-2020 20:59:57 Europe/Stockholm] Copy file 'theme3-colors.css'
[15-Dec-2020 20:59:57 Europe/Stockholm] Copy file 'theme3.css'
[15-Dec-2020 20:59:57 Europe/Stockholm] Copy file 'theme3b-colors.css'
[15-Dec-2020 20:59:57 Europe/Stockholm] Copy file 'theme3b.css'
[15-Dec-2020 20:59:57 Europe/Stockholm] Filename: css/image/*
[15-Dec-2020 20:59:57 Europe/Stockholm] Source directory: /var/www/ccms/application/lib/docbook/xsl/html5
[15-Dec-2020 20:59:57 Europe/Stockholm] Target directory: /paligo/tmp/council-rock/production-5fd915b39fde51.93593353/2612-Inversol_Solar_Controller-html5/out
[15-Dec-2020 20:59:57 Europe/Stockholm] Copy file 'breadcrumb-seperator.png'
[15-Dec-2020 20:59:57 Europe/Stockholm] Copy file 'caution.png'
[15-Dec-2020 20:59:57 Europe/Stockholm] Copy file 'corporate-logo-blue-inverted.svg'
[15-Dec-2020 20:59:57 Europe/Stockholm] Copy file 'corporate-logo-blue.svg'
[15-Dec-2020 20:59:57 Europe/Stockholm] Copy file 'corporate-logo-white.png'
[15-Dec-2020 20:59:57 Europe/Stockholm] Copy file 'corporate-logo-white.svg'
[15-Dec-2020 20:59:57 Europe/Stockholm] Copy file 'corporate-logo.png'
[15-Dec-2020 20:59:57 Europe/Stockholm] Copy file 'corporate-logo.svg'
[15-Dec-2020 20:59:57 Europe/Stockholm] Copy file 'important.png'
[15-Dec-2020 20:59:57 Europe/Stockholm] Copy file 'note.png'
[15-Dec-2020 20:59:57 Europe/Stockholm] Copy file 'portal1-bg.jpg'
[15-Dec-2020 20:59:57 Europe/Stockholm] Copy file 'portal2a-bg.jpg'
[15-Dec-2020 20:59:57 Europe/Stockholm] Copy file 'portal2b-bg.jpg'
[15-Dec-2020 20:59:57 Europe/Stockholm] Copy file 'portal2c-bg.jpg'
[15-Dec-2020 20:59:57 Europe/Stockholm] Copy file 'subheader-bg.png'
[15-Dec-2020 20:59:57 Europe/Stockholm] Copy file 'warning.png'
[15-Dec-2020 20:59:57 Europe/Stockholm] Filename: css/image/callouts/*
[15-Dec-2020 20:59:57 Europe/Stockholm] Source directory: /var/www/ccms/application/lib/docbook/xsl/html5
[15-Dec-2020 20:59:57 Europe/Stockholm] Target directory: /paligo/tmp/council-rock/production-5fd915b39fde51.93593353/2612-Inversol_Solar_Controller-html5/out
[15-Dec-2020 20:59:57 Europe/Stockholm] Copy file '1.gif'
[15-Dec-2020 20:59:57 Europe/Stockholm] Copy file '1.png'
[15-Dec-2020 20:59:57 Europe/Stockholm] Copy file '1.svg'
[15-Dec-2020 20:59:57 Europe/Stockholm] Copy file '10.gif'
[15-Dec-2020 20:59:57 Europe/Stockholm] Copy file '10.png'
[15-Dec-2020 20:59:57 Europe/Stockholm] Copy file '10.svg'
[15-Dec-2020 20:59:57 Europe/Stockholm] Copy file '11.gif'
[15-Dec-2020 20:59:57 Europe/Stockholm] Copy file '11.png'
[15-Dec-2020 20:59:57 Europe/Stockholm] Copy file '11.svg'
[15-Dec-2020 20:59:57 Europe/Stockholm] Copy file '12.gif'
[15-Dec-2020 20:59:57 Europe/Stockholm] Copy file '12.png'
[15-Dec-2020 20:59:57 Europe/Stockholm] Copy file '12.svg'
[15-Dec-2020 20:59:57 Europe/Stockholm] Copy file '13.gif'
[15-Dec-2020 20:59:57 Europe/Stockholm] Copy file '13.png'
[15-Dec-2020 20:59:57 Europe/Stockholm] Copy file '13.svg'
[15-Dec-2020 20:59:57 Europe/Stockholm] Copy file '14.gif'
[15-Dec-2020 20:59:57 Europe/Stockholm] Copy file '14.png'
[15-Dec-2020 20:59:57 Europe/Stockholm] Copy file '14.svg'
[15-Dec-2020 20:59:57 Europe/Stockholm] Copy file '15.gif'
[15-Dec-2020 20:59:57 Europe/Stockholm] Copy file '15.png'
[15-Dec-2020 20:59:57 Europe/Stockholm] Copy file '15.svg'
[15-Dec-2020 20:59:57 Europe/Stockholm] Copy file '16.svg'
[15-Dec-2020 20:59:57 Europe/Stockholm] Copy file '17.svg'
[15-Dec-2020 20:59:57 Europe/Stockholm] Copy file '18.svg'
[15-Dec-2020 20:59:57 Europe/Stockholm] Copy file '19.svg'
[15-Dec-2020 20:59:57 Europe/Stockholm] Copy file '2.gif'
[15-Dec-2020 20:59:57 Europe/Stockholm] Copy file '2.png'
[15-Dec-2020 20:59:57 Europe/Stockholm] Copy file '2.svg'
[15-Dec-2020 20:59:57 Europe/Stockholm] Copy file '20.svg'
[15-Dec-2020 20:59:57 Europe/Stockholm] Copy file '21.svg'
[15-Dec-2020 20:59:57 Europe/Stockholm] Copy file '22.svg'
[15-Dec-2020 20:59:57 Europe/Stockholm] Copy file '23.svg'
[15-Dec-2020 20:59:57 Europe/Stockholm] Copy file '24.svg'
[15-Dec-2020 20:59:57 Europe/Stockholm] Copy file '25.svg'
[15-Dec-2020 20:59:57 Europe/Stockholm] Copy file '26.svg'
[15-Dec-2020 20:59:57 Europe/Stockholm] Copy file '27.svg'
[15-Dec-2020 20:59:57 Europe/Stockholm] Copy file '28.svg'
[15-Dec-2020 20:59:57 Europe/Stockholm] Copy file '29.svg'
[15-Dec-2020 20:59:57 Europe/Stockholm] Copy file '3.gif'
[15-Dec-2020 20:59:57 Europe/Stockholm] Copy file '3.png'
[15-Dec-2020 20:59:57 Europe/Stockholm] Copy file '3.svg'
[15-Dec-2020 20:59:57 Europe/Stockholm] Copy file '30.svg'
[15-Dec-2020 20:59:57 Europe/Stockholm] Copy file '4.gif'
[15-Dec-2020 20:59:57 Europe/Stockholm] Copy file '4.png'
[15-Dec-2020 20:59:57 Europe/Stockholm] Copy file '4.svg'
[15-Dec-2020 20:59:57 Europe/Stockholm] Copy file '5.gif'
[15-Dec-2020 20:59:57 Europe/Stockholm] Copy file '5.png'
[15-Dec-2020 20:59:57 Europe/Stockholm] Copy file '5.svg'
[15-Dec-2020 20:59:57 Europe/Stockholm] Copy file '6.gif'
[15-Dec-2020 20:59:57 Europe/Stockholm] Copy file '6.png'
[15-Dec-2020 20:59:57 Europe/Stockholm] Copy file '6.svg'
[15-Dec-2020 20:59:57 Europe/Stockholm] Copy file '7.gif'
[15-Dec-2020 20:59:57 Europe/Stockholm] Copy file '7.png'
[15-Dec-2020 20:59:57 Europe/Stockholm] Copy file '7.svg'
[15-Dec-2020 20:59:57 Europe/Stockholm] Copy file '8.gif'
[15-Dec-2020 20:59:57 Europe/Stockholm] Copy file '8.png'
[15-Dec-2020 20:59:57 Europe/Stockholm] Copy file '8.svg'
[15-Dec-2020 20:59:57 Europe/Stockholm] Copy file '9.gif'
[15-Dec-2020 20:59:57 Europe/Stockholm] Copy file '9.png'
[15-Dec-2020 20:59:57 Europe/Stockholm] Copy file '9.svg'
[15-Dec-2020 20:59:57 Europe/Stockholm] Filename: js/*
[15-Dec-2020 20:59:57 Europe/Stockholm] Source directory: /var/www/ccms/application/lib/docbook/xsl/html5
[15-Dec-2020 20:59:57 Europe/Stockholm] Target directory: /paligo/tmp/council-rock/production-5fd915b39fde51.93593353/2612-Inversol_Solar_Controller-html5/out
[15-Dec-2020 20:59:57 Europe/Stockholm] Copy file 'ajax-loading.js'
[15-Dec-2020 20:59:57 Europe/Stockholm] Copy file 'anchorlinks.js'
[15-Dec-2020 20:59:57 Europe/Stockholm] Copy file 'bootstrap.min.js'
[15-Dec-2020 20:59:57 Europe/Stockholm] Copy file 'checklist.js'
[15-Dec-2020 20:59:57 Europe/Stockholm] Copy file 'clipboard.min.js'
[15-Dec-2020 20:59:57 Europe/Stockholm] Copy file 'cookie-consent.js'
[15-Dec-2020 20:59:57 Europe/Stockholm] Copy file 'create-toc.js'
[15-Dec-2020 20:59:57 Europe/Stockholm] Copy file 'csh.js'
[15-Dec-2020 20:59:57 Europe/Stockholm] Copy file 'fuse.min.js'
[15-Dec-2020 20:59:57 Europe/Stockholm] Copy file 'hilitor.js'
[15-Dec-2020 20:59:57 Europe/Stockholm] Copy file 'html5-2-ajax-hp.js'
[15-Dec-2020 20:59:57 Europe/Stockholm] Copy file 'html5-2-ajax.js'
[15-Dec-2020 20:59:57 Europe/Stockholm] Copy file 'html5-2-mp-common.js'
[15-Dec-2020 20:59:57 Europe/Stockholm] Copy file 'html5-2-portal.js'
[15-Dec-2020 20:59:57 Europe/Stockholm] Copy file 'html5-2.js'
[15-Dec-2020 20:59:57 Europe/Stockholm] Copy file 'html5.algoliasearch.js'
[15-Dec-2020 20:59:57 Europe/Stockholm] Copy file 'html5.algoliasearchpage.js'
[15-Dec-2020 20:59:57 Europe/Stockholm] Copy file 'html5.fuse.search.js'
[15-Dec-2020 20:59:57 Europe/Stockholm] Copy file 'jquery-1.10.2.min.js'
[15-Dec-2020 20:59:57 Europe/Stockholm] Copy file 'jquery-1.10.2.min.map'
[15-Dec-2020 20:59:57 Europe/Stockholm] Copy file 'jquery-migrate-3.0.1.min.js'
[15-Dec-2020 20:59:57 Europe/Stockholm] Copy file 'jquery-ui-1.10.3.custom.min.js'
[15-Dec-2020 20:59:57 Europe/Stockholm] Copy file 'jquery.event.move.js'
[15-Dec-2020 20:59:57 Europe/Stockholm] Copy file 'jquery.event.swipe.js'
[15-Dec-2020 20:59:57 Europe/Stockholm] Copy file 'jquery.mark.min.js'
[15-Dec-2020 20:59:57 Europe/Stockholm] Copy file 'jquery.smartmenus.js'
[15-Dec-2020 20:59:57 Europe/Stockholm] Copy file 'jquery.sticky.js'
[15-Dec-2020 20:59:57 Europe/Stockholm] Copy file 'lunr-single-lang.js'
[15-Dec-2020 20:59:57 Europe/Stockholm] Copy file 'lunr.js'
[15-Dec-2020 20:59:57 Europe/Stockholm] Copy file 'materialize.min.js'
[15-Dec-2020 20:59:57 Europe/Stockholm] Copy file 'mspace.js'
[15-Dec-2020 20:59:57 Europe/Stockholm] Copy file 'purl.js'
[15-Dec-2020 20:59:57 Europe/Stockholm] Copy file 'respond.min.js'
[15-Dec-2020 20:59:57 Europe/Stockholm] Copy file 'responsive-tables.js'
[15-Dec-2020 20:59:57 Europe/Stockholm] Copy file 'rwd-table.min.js'
[15-Dec-2020 20:59:57 Europe/Stockholm] Copy file 'script-api.js'
[15-Dec-2020 20:59:57 Europe/Stockholm] Copy file 'script-revealjs-slides.js'
[15-Dec-2020 20:59:57 Europe/Stockholm] Copy file 'script.js'
[15-Dec-2020 20:59:57 Europe/Stockholm] Copy file 'search.js'
[15-Dec-2020 20:59:57 Europe/Stockholm] Copy file 'updateurl.js'
[15-Dec-2020 20:59:57 Europe/Stockholm] Filename: fonts/*
[15-Dec-2020 20:59:57 Europe/Stockholm] Source directory: /var/www/ccms/application/lib/docbook/xsl/html5
[15-Dec-2020 20:59:57 Europe/Stockholm] Target directory: /paligo/tmp/council-rock/production-5fd915b39fde51.93593353/2612-Inversol_Solar_Controller-html5/out
[15-Dec-2020 20:59:57 Europe/Stockholm] Copy file 'FontAwesome.otf'
[15-Dec-2020 20:59:57 Europe/Stockholm] Copy file 'fontawesome-webfont.eot'
[15-Dec-2020 20:59:57 Europe/Stockholm] Copy file 'fontawesome-webfont.svg'
[15-Dec-2020 20:59:57 Europe/Stockholm] Copy file 'fontawesome-webfont.ttf'
[15-Dec-2020 20:59:57 Europe/Stockholm] Copy file 'fontawesome-webfont.woff'
[15-Dec-2020 20:59:57 Europe/Stockholm] Copy file 'fontawesome-webfont.woff2'
[15-Dec-2020 20:59:57 Europe/Stockholm] Copy file 'glyphicons-halflings-regular.eot'
[15-Dec-2020 20:59:57 Europe/Stockholm] Copy file 'glyphicons-halflings-regular.svg'
[15-Dec-2020 20:59:57 Europe/Stockholm] Copy file 'glyphicons-halflings-regular.ttf'
[15-Dec-2020 20:59:57 Europe/Stockholm] Copy file 'glyphicons-halflings-regular.woff'
[15-Dec-2020 20:59:57 Europe/Stockholm] Copy file 'glyphicons-halflings-regular.woff2'
[15-Dec-2020 20:59:57 Europe/Stockholm] Copy file 'roboto-v20-vietnamese_latin-ext_latin_greek-ext_greek_cyrillic-ext_cyrillic-300.eot'
[15-Dec-2020 20:59:57 Europe/Stockholm] Copy file 'roboto-v20-vietnamese_latin-ext_latin_greek-ext_greek_cyrillic-ext_cyrillic-300.svg'
[15-Dec-2020 20:59:57 Europe/Stockholm] Copy file 'roboto-v20-vietnamese_latin-ext_latin_greek-ext_greek_cyrillic-ext_cyrillic-300.ttf'
[15-Dec-2020 20:59:57 Europe/Stockholm] Copy file 'roboto-v20-vietnamese_latin-ext_latin_greek-ext_greek_cyrillic-ext_cyrillic-300.woff'
[15-Dec-2020 20:59:57 Europe/Stockholm] Copy file 'roboto-v20-vietnamese_latin-ext_latin_greek-ext_greek_cyrillic-ext_cyrillic-300.woff2'
[15-Dec-2020 20:59:57 Europe/Stockholm] Copy file 'roboto-v20-vietnamese_latin-ext_latin_greek-ext_greek_cyrillic-ext_cyrillic-700.eot'
[15-Dec-2020 20:59:57 Europe/Stockholm] Copy file 'roboto-v20-vietnamese_latin-ext_latin_greek-ext_greek_cyrillic-ext_cyrillic-700.svg'
[15-Dec-2020 20:59:57 Europe/Stockholm] Copy file 'roboto-v20-vietnamese_latin-ext_latin_greek-ext_greek_cyrillic-ext_cyrillic-700.ttf'
[15-Dec-2020 20:59:57 Europe/Stockholm] Copy file 'roboto-v20-vietnamese_latin-ext_latin_greek-ext_greek_cyrillic-ext_cyrillic-700.woff'
[15-Dec-2020 20:59:57 Europe/Stockholm] Copy file 'roboto-v20-vietnamese_latin-ext_latin_greek-ext_greek_cyrillic-ext_cyrillic-700.woff2'
[15-Dec-2020 20:59:57 Europe/Stockholm] Copy file 'roboto-v20-vietnamese_latin-ext_latin_greek-ext_greek_cyrillic-ext_cyrillic-regular.eot'
[15-Dec-2020 20:59:57 Europe/Stockholm] Copy file 'roboto-v20-vietnamese_latin-ext_latin_greek-ext_greek_cyrillic-ext_cyrillic-regular.svg'
[15-Dec-2020 20:59:57 Europe/Stockholm] Copy file 'roboto-v20-vietnamese_latin-ext_latin_greek-ext_greek_cyrillic-ext_cyrillic-regular.ttf'
[15-Dec-2020 20:59:57 Europe/Stockholm] Copy file 'roboto-v20-vietnamese_latin-ext_latin_greek-ext_greek_cyrillic-ext_cyrillic-regular.woff'
[15-Dec-2020 20:59:57 Europe/Stockholm] Copy file 'roboto-v20-vietnamese_latin-ext_latin_greek-ext_greek_cyrillic-ext_cyrillic-regular.woff2'
[15-Dec-2020 20:59:57 Europe/Stockholm] Copy file '/var/www/ccms/usr/council-rock/xsl/custom/assets/layout-2476/5fc7bcf502d4d.png' to '/paligo/tmp/council-rock/production-5fd915b39fde51.93593353/2612-Inversol_Solar_Controller-html5/out/css/image/corporate-logo.png'
[15-Dec-2020 20:59:58 Europe/Stockholm] Copy file '/var/www/ccms/usr/council-rock/xsl/custom/assets/layout-2476/5fc7bcf502d4d.png' to '/paligo/tmp/council-rock/production-5fd915b39fde51.93593353/2612-Inversol_Solar_Controller-html5/out/css/image/corporate-logo.png'
[15-Dec-2020 20:59:58 Europe/Stockholm] Post build HTML5
[15/Dec/2020 20:59:59 Europe/Stockholm] [Info] Transformation: index-en.html -> toc-en.html [5fd915bb486b7.toc.xsl]
[15/Dec/2020 20:59:59 Europe/Stockholm] [Info] Transformation: UUID-df047601-129f-c424-e413-622374699079.html -> UUID-df047601-129f-c424-e413-622374699079.html [5fd915bb486b7.page.xsl]
[15/Dec/2020 20:59:59 Europe/Stockholm] [Info] Transformation: UUID-0dbb71a8-5549-90ce-f0e1-a0f73d401f87.html -> UUID-0dbb71a8-5549-90ce-f0e1-a0f73d401f87.html [5fd915bb486b7.page.xsl]
[15/Dec/2020 20:59:59 Europe/Stockholm] [Info] Transformation: UUID-903e5a5c-196e-f52f-7702-587bc5656790.html -> UUID-903e5a5c-196e-f52f-7702-587bc5656790.html [5fd915bb486b7.page.xsl]
[15/Dec/2020 20:59:59 Europe/Stockholm] [Info] Transformation: UUID-bfa7a5ca-3b76-e699-4191-12758d13c07b.html -> UUID-bfa7a5ca-3b76-e699-4191-12758d13c07b.html [5fd915bb486b7.page.xsl]
[15/Dec/2020 20:59:59 Europe/Stockholm] [Info] Transformation: UUID-a2720a0d-d2ac-41cc-def3-03ddca7720ed.html -> UUID-a2720a0d-d2ac-41cc-def3-03ddca7720ed.html [5fd915bb486b7.page.xsl]
[15/Dec/2020 20:59:59 Europe/Stockholm] [Info] Transformation: UUID-4366caf0-7a74-52f7-2e1c-c06e164d7d46.html -> UUID-4366caf0-7a74-52f7-2e1c-c06e164d7d46.html [5fd915bb486b7.page.xsl]
[15/Dec/2020 20:59:59 Europe/Stockholm] [Info] Transformation: UUID-7ced57ad-0d10-2cd0-95f7-3ec6e90f5b75.html -> UUID-7ced57ad-0d10-2cd0-95f7-3ec6e90f5b75.html [5fd915bb486b7.page.xsl]
[15/Dec/2020 20:59:59 Europe/Stockholm] [Info] Transformation: UUID-27187777-ffd1-4dbd-b44c-b8d44bddd3e6.html -> UUID-27187777-ffd1-4dbd-b44c-b8d44bddd3e6.html [5fd915bb486b7.page.xsl]
[15/Dec/2020 20:59:59 Europe/Stockholm] [Info] Transformation: UUID-3a440793-1f17-de53-5144-e49458ec57c6.html -> UUID-3a440793-1f17-de53-5144-e49458ec57c6.html [5fd915bb486b7.page.xsl]
[15/Dec/2020 20:59:59 Europe/Stockholm] [Info] Transformation: UUID-fc836c3f-f844-e582-dfa7-04aef501a752.html -> UUID-fc836c3f-f844-e582-dfa7-04aef501a752.html [5fd915bb486b7.page.xsl]
[15/Dec/2020 20:59:59 Europe/Stockholm] [Info] Transformation: UUID-b56b5b76-8488-2480-47ef-091230c16b36.html -> UUID-b56b5b76-8488-2480-47ef-091230c16b36.html [5fd915bb486b7.page.xsl]
[15/Dec/2020 20:59:59 Europe/Stockholm] [Info] Transformation: UUID-03c69541-3244-b5d7-0f2c-3119eebcdc16.html -> UUID-03c69541-3244-b5d7-0f2c-3119eebcdc16.html [5fd915bb486b7.page.xsl]
[15/Dec/2020 20:59:59 Europe/Stockholm] [Info] Transformation: UUID-72010668-af2a-7b35-0a56-67a2b10f4b68.html -> UUID-72010668-af2a-7b35-0a56-67a2b10f4b68.html [5fd915bb486b7.page.xsl]
[15/Dec/2020 20:59:59 Europe/Stockholm] [Info] Transformation: UUID-de9253d1-f7e8-7b41-e79a-f75854891a8e.html -> UUID-de9253d1-f7e8-7b41-e79a-f75854891a8e.html [5fd915bb486b7.page.xsl]
[15/Dec/2020 20:59:59 Europe/Stockholm] [Info] Transformation: UUID-4898f226-aecf-f020-12ed-18c54e88463a.html -> UUID-4898f226-aecf-f020-12ed-18c54e88463a.html [5fd915bb486b7.page.xsl]
[15/Dec/2020 20:59:59 Europe/Stockholm] [Info] Transformation: UUID-0910a3ed-7eac-7174-aea2-82cf419ced28.html -> UUID-0910a3ed-7eac-7174-aea2-82cf419ced28.html [5fd915bb486b7.page.xsl]
[15/Dec/2020 20:59:59 Europe/Stockholm] [Info] Transformation: UUID-512647fe-08a5-40c7-6cb2-a943734f3850.html -> UUID-512647fe-08a5-40c7-6cb2-a943734f3850.html [5fd915bb486b7.page.xsl]
[15/Dec/2020 20:59:59 Europe/Stockholm] [Info] Transformation: UUID-b35a8412-b9ab-847b-d5cf-6a0a3cc221b5.html -> UUID-b35a8412-b9ab-847b-d5cf-6a0a3cc221b5.html [5fd915bb486b7.page.xsl]
[15/Dec/2020 20:59:59 Europe/Stockholm] [Info] Transformation: UUID-57f8823f-f82a-afe7-a16c-c337158c0bf8.html -> UUID-57f8823f-f82a-afe7-a16c-c337158c0bf8.html [5fd915bb486b7.page.xsl]
[15/Dec/2020 20:59:59 Europe/Stockholm] [Info] Transformation: UUID-8f1cf0f1-2c00-f365-70bd-0fc73c50382c.html -> UUID-8f1cf0f1-2c00-f365-70bd-0fc73c50382c.html [5fd915bb486b7.page.xsl]
[15/Dec/2020 20:59:59 Europe/Stockholm] [Info] Transformation: UUID-f50caa6d-942c-7b3d-7316-799822bc6471.html -> UUID-f50caa6d-942c-7b3d-7316-799822bc6471.html [5fd915bb486b7.page.xsl]
[15/Dec/2020 20:59:59 Europe/Stockholm] [Info] Transformation: UUID-7e1bb0b6-c072-569b-1c63-5e3ae86e6322.html -> UUID-7e1bb0b6-c072-569b-1c63-5e3ae86e6322.html [5fd915bb486b7.page.xsl]
[15/Dec/2020 20:59:59 Europe/Stockholm] [Info] Transformation: UUID-e52dc496-2423-6302-bc4a-4336af11c904.html -> UUID-e52dc496-2423-6302-bc4a-4336af11c904.html [5fd915bb486b7.page.xsl]
[15/Dec/2020 20:59:59 Europe/Stockholm] [Info] Transformation: UUID-85c56cbb-3080-b9ca-873a-971e4e5ecaa2.html -> UUID-85c56cbb-3080-b9ca-873a-971e4e5ecaa2.html [5fd915bb486b7.page.xsl]
[15/Dec/2020 20:59:59 Europe/Stockholm] [Info] Transformation: UUID-77e3288c-6d10-3a71-bb5d-82067aacdc8f.html -> UUID-77e3288c-6d10-3a71-bb5d-82067aacdc8f.html [5fd915bb486b7.page.xsl]
[15/Dec/2020 20:59:59 Europe/Stockholm] [Info] Transformation: UUID-fa69473f-ab28-3307-3753-21fc5eb542b5.html -> UUID-fa69473f-ab28-3307-3753-21fc5eb542b5.html [5fd915bb486b7.page.xsl]
[15/Dec/2020 20:59:59 Europe/Stockholm] [Info] Transformation: UUID-11963775-ee29-fb3c-d842-976142d5d3a3.html -> UUID-11963775-ee29-fb3c-d842-976142d5d3a3.html [5fd915bb486b7.page.xsl]
[15/Dec/2020 20:59:59 Europe/Stockholm] [Info] Transformation: UUID-f80591b9-61fd-a90a-e843-88590dc706a0.html -> UUID-f80591b9-61fd-a90a-e843-88590dc706a0.html [5fd915bb486b7.page.xsl]
[15/Dec/2020 20:59:59 Europe/Stockholm] [Info] Transformation: UUID-62eec07b-2df8-3897-1622-6a1f56d171e6.html -> UUID-62eec07b-2df8-3897-1622-6a1f56d171e6.html [5fd915bb486b7.page.xsl]
[15/Dec/2020 20:59:59 Europe/Stockholm] [Info] Transformation: UUID-060fc370-845b-1cab-7b15-2a569efab6d2.html -> UUID-060fc370-845b-1cab-7b15-2a569efab6d2.html [5fd915bb486b7.page.xsl]
[15/Dec/2020 20:59:59 Europe/Stockholm] [Info] Transformation: UUID-06c3bebb-77da-6767-0d06-84bee4c75817.html -> UUID-06c3bebb-77da-6767-0d06-84bee4c75817.html [5fd915bb486b7.page.xsl]
[15/Dec/2020 20:59:59 Europe/Stockholm] [Info] Transformation: UUID-289892c1-239f-59a6-3689-1b88fde46ca2.html -> UUID-289892c1-239f-59a6-3689-1b88fde46ca2.html [5fd915bb486b7.page.xsl]
[15/Dec/2020 20:59:59 Europe/Stockholm] [Info] Transformation: UUID-fe5bd327-e7a4-e90c-815e-7ae16fa9e126.html -> UUID-fe5bd327-e7a4-e90c-815e-7ae16fa9e126.html [5fd915bb486b7.page.xsl]
[15/Dec/2020 20:59:59 Europe/Stockholm] [Info] Transformation: UUID-198594fc-d9c6-6b84-dc54-82b6445784d0.html -> UUID-198594fc-d9c6-6b84-dc54-82b6445784d0.html [5fd915bb486b7.page.xsl]
[15/Dec/2020 20:59:59 Europe/Stockholm] [Info] Transformation: UUID-5f88be8c-4a6c-647d-9059-ff39121079ee.html -> UUID-5f88be8c-4a6c-647d-9059-ff39121079ee.html [5fd915bb486b7.page.xsl]
[15/Dec/2020 20:59:59 Europe/Stockholm] [Info] Transformation: UUID-d86e8446-fd4c-824e-fea2-b301d68a3ca9.html -> UUID-d86e8446-fd4c-824e-fea2-b301d68a3ca9.html [5fd915bb486b7.page.xsl]
[15/Dec/2020 20:59:59 Europe/Stockholm] [Info] Transformation: index-en.html -> index-en.html [5fd915bb486b7.page.xsl]
[15/Dec/2020 20:59:59 Europe/Stockholm] [Info] Transformation: index-es.html -> toc-es.html [5fd915bb486b7.toc.xsl]
[15/Dec/2020 21:00:00 Europe/Stockholm] [Info] Transformation: UUID-df047601-129f-c424-e413-622374699079.html -> UUID-df047601-129f-c424-e413-622374699079.html [5fd915bb486b7.page.xsl]
[15/Dec/2020 21:00:00 Europe/Stockholm] [Info] Transformation: UUID-0dbb71a8-5549-90ce-f0e1-a0f73d401f87.html -> UUID-0dbb71a8-5549-90ce-f0e1-a0f73d401f87.html [5fd915bb486b7.page.xsl]
[15/Dec/2020 21:00:00 Europe/Stockholm] [Info] Transformation: UUID-903e5a5c-196e-f52f-7702-587bc5656790.html -> UUID-903e5a5c-196e-f52f-7702-587bc5656790.html [5fd915bb486b7.page.xsl]
[15/Dec/2020 21:00:00 Europe/Stockholm] [Info] Transformation: UUID-bfa7a5ca-3b76-e699-4191-12758d13c07b.html -> UUID-bfa7a5ca-3b76-e699-4191-12758d13c07b.html [5fd915bb486b7.page.xsl]
[15/Dec/2020 21:00:00 Europe/Stockholm] [Info] Transformation: UUID-a2720a0d-d2ac-41cc-def3-03ddca7720ed.html -> UUID-a2720a0d-d2ac-41cc-def3-03ddca7720ed.html [5fd915bb486b7.page.xsl]
[15/Dec/2020 21:00:00 Europe/Stockholm] [Info] Transformation: UUID-4366caf0-7a74-52f7-2e1c-c06e164d7d46.html -> UUID-4366caf0-7a74-52f7-2e1c-c06e164d7d46.html [5fd915bb486b7.page.xsl]
[15/Dec/2020 21:00:00 Europe/Stockholm] [Info] Transformation: UUID-7ced57ad-0d10-2cd0-95f7-3ec6e90f5b75.html -> UUID-7ced57ad-0d10-2cd0-95f7-3ec6e90f5b75.html [5fd915bb486b7.page.xsl]
[15/Dec/2020 21:00:00 Europe/Stockholm] [Info] Transformation: UUID-27187777-ffd1-4dbd-b44c-b8d44bddd3e6.html -> UUID-27187777-ffd1-4dbd-b44c-b8d44bddd3e6.html [5fd915bb486b7.page.xsl]
[15/Dec/2020 21:00:00 Europe/Stockholm] [Info] Transformation: UUID-3a440793-1f17-de53-5144-e49458ec57c6.html -> UUID-3a440793-1f17-de53-5144-e49458ec57c6.html [5fd915bb486b7.page.xsl]
[15/Dec/2020 21:00:00 Europe/Stockholm] [Info] Transformation: UUID-fc836c3f-f844-e582-dfa7-04aef501a752.html -> UUID-fc836c3f-f844-e582-dfa7-04aef501a752.html [5fd915bb486b7.page.xsl]
[15/Dec/2020 21:00:00 Europe/Stockholm] [Info] Transformation: UUID-b56b5b76-8488-2480-47ef-091230c16b36.html -> UUID-b56b5b76-8488-2480-47ef-091230c16b36.html [5fd915bb486b7.page.xsl]
[15/Dec/2020 21:00:00 Europe/Stockholm] [Info] Transformation: UUID-03c69541-3244-b5d7-0f2c-3119eebcdc16.html -> UUID-03c69541-3244-b5d7-0f2c-3119eebcdc16.html [5fd915bb486b7.page.xsl]
[15/Dec/2020 21:00:00 Europe/Stockholm] [Info] Transformation: UUID-72010668-af2a-7b35-0a56-67a2b10f4b68.html -> UUID-72010668-af2a-7b35-0a56-67a2b10f4b68.html [5fd915bb486b7.page.xsl]
[15/Dec/2020 21:00:00 Europe/Stockholm] [Info] Transformation: UUID-de9253d1-f7e8-7b41-e79a-f75854891a8e.html -> UUID-de9253d1-f7e8-7b41-e79a-f75854891a8e.html [5fd915bb486b7.page.xsl]
[15/Dec/2020 21:00:00 Europe/Stockholm] [Info] Transformation: UUID-4898f226-aecf-f020-12ed-18c54e88463a.html -> UUID-4898f226-aecf-f020-12ed-18c54e88463a.html [5fd915bb486b7.page.xsl]
[15/Dec/2020 21:00:00 Europe/Stockholm] [Info] Transformation: UUID-0910a3ed-7eac-7174-aea2-82cf419ced28.html -> UUID-0910a3ed-7eac-7174-aea2-82cf419ced28.html [5fd915bb486b7.page.xsl]
[15/Dec/2020 21:00:00 Europe/Stockholm] [Info] Transformation: UUID-512647fe-08a5-40c7-6cb2-a943734f3850.html -> UUID-512647fe-08a5-40c7-6cb2-a943734f3850.html [5fd915bb486b7.page.xsl]
[15/Dec/2020 21:00:00 Europe/Stockholm] [Info] Transformation: UUID-b35a8412-b9ab-847b-d5cf-6a0a3cc221b5.html -> UUID-b35a8412-b9ab-847b-d5cf-6a0a3cc221b5.html [5fd915bb486b7.page.xsl]
[15/Dec/2020 21:00:00 Europe/Stockholm] [Info] Transformation: UUID-57f8823f-f82a-afe7-a16c-c337158c0bf8.html -> UUID-57f8823f-f82a-afe7-a16c-c337158c0bf8.html [5fd915bb486b7.page.xsl]
[15/Dec/2020 21:00:00 Europe/Stockholm] [Info] Transformation: UUID-8f1cf0f1-2c00-f365-70bd-0fc73c50382c.html -> UUID-8f1cf0f1-2c00-f365-70bd-0fc73c50382c.html [5fd915bb486b7.page.xsl]
[15/Dec/2020 21:00:00 Europe/Stockholm] [Info] Transformation: UUID-f50caa6d-942c-7b3d-7316-799822bc6471.html -> UUID-f50caa6d-942c-7b3d-7316-799822bc6471.html [5fd915bb486b7.page.xsl]
[15/Dec/2020 21:00:00 Europe/Stockholm] [Info] Transformation: UUID-7e1bb0b6-c072-569b-1c63-5e3ae86e6322.html -> UUID-7e1bb0b6-c072-569b-1c63-5e3ae86e6322.html [5fd915bb486b7.page.xsl]
[15/Dec/2020 21:00:00 Europe/Stockholm] [Info] Transformation: UUID-e52dc496-2423-6302-bc4a-4336af11c904.html -> UUID-e52dc496-2423-6302-bc4a-4336af11c904.html [5fd915bb486b7.page.xsl]
[15/Dec/2020 21:00:00 Europe/Stockholm] [Info] Transformation: UUID-85c56cbb-3080-b9ca-873a-971e4e5ecaa2.html -> UUID-85c56cbb-3080-b9ca-873a-971e4e5ecaa2.html [5fd915bb486b7.page.xsl]
[15/Dec/2020 21:00:00 Europe/Stockholm] [Info] Transformation: UUID-77e3288c-6d10-3a71-bb5d-82067aacdc8f.html -> UUID-77e3288c-6d10-3a71-bb5d-82067aacdc8f.html [5fd915bb486b7.page.xsl]
[15/Dec/2020 21:00:00 Europe/Stockholm] [Info] Transformation: UUID-fa69473f-ab28-3307-3753-21fc5eb542b5.html -> UUID-fa69473f-ab28-3307-3753-21fc5eb542b5.html [5fd915bb486b7.page.xsl]
[15/Dec/2020 21:00:00 Europe/Stockholm] [Info] Transformation: UUID-11963775-ee29-fb3c-d842-976142d5d3a3.html -> UUID-11963775-ee29-fb3c-d842-976142d5d3a3.html [5fd915bb486b7.page.xsl]
[15/Dec/2020 21:00:00 Europe/Stockholm] [Info] Transformation: UUID-f80591b9-61fd-a90a-e843-88590dc706a0.html -> UUID-f80591b9-61fd-a90a-e843-88590dc706a0.html [5fd915bb486b7.page.xsl]
[15/Dec/2020 21:00:00 Europe/Stockholm] [Info] Transformation: UUID-62eec07b-2df8-3897-1622-6a1f56d171e6.html -> UUID-62eec07b-2df8-3897-1622-6a1f56d171e6.html [5fd915bb486b7.page.xsl]
[15/Dec/2020 21:00:00 Europe/Stockholm] [Info] Transformation: UUID-060fc370-845b-1cab-7b15-2a569efab6d2.html -> UUID-060fc370-845b-1cab-7b15-2a569efab6d2.html [5fd915bb486b7.page.xsl]
[15/Dec/2020 21:00:00 Europe/Stockholm] [Info] Transformation: UUID-06c3bebb-77da-6767-0d06-84bee4c75817.html -> UUID-06c3bebb-77da-6767-0d06-84bee4c75817.html [5fd915bb486b7.page.xsl]
[15/Dec/2020 21:00:00 Europe/Stockholm] [Info] Transformation: UUID-289892c1-239f-59a6-3689-1b88fde46ca2.html -> UUID-289892c1-239f-59a6-3689-1b88fde46ca2.html [5fd915bb486b7.page.xsl]
[15/Dec/2020 21:00:00 Europe/Stockholm] [Info] Transformation: UUID-fe5bd327-e7a4-e90c-815e-7ae16fa9e126.html -> UUID-fe5bd327-e7a4-e90c-815e-7ae16fa9e126.html [5fd915bb486b7.page.xsl]
[15/Dec/2020 21:00:00 Europe/Stockholm] [Info] Transformation: UUID-198594fc-d9c6-6b84-dc54-82b6445784d0.html -> UUID-198594fc-d9c6-6b84-dc54-82b6445784d0.html [5fd915bb486b7.page.xsl]
[15/Dec/2020 21:00:00 Europe/Stockholm] [Info] Transformation: UUID-5f88be8c-4a6c-647d-9059-ff39121079ee.html -> UUID-5f88be8c-4a6c-647d-9059-ff39121079ee.html [5fd915bb486b7.page.xsl]
[15/Dec/2020 21:00:00 Europe/Stockholm] [Info] Transformation: UUID-d86e8446-fd4c-824e-fea2-b301d68a3ca9.html -> UUID-d86e8446-fd4c-824e-fea2-b301d68a3ca9.html [5fd915bb486b7.page.xsl]
[15/Dec/2020 21:00:00 Europe/Stockholm] [Info] Transformation: index-es.html -> index-es.html [5fd915bb486b7.page.xsl]
[15/Dec/2020 21:00:00 Europe/Stockholm] [Info] Generating index page.
[15/Dec/2020 21:00:00 Europe/Stockholm] [Info] Transformation: index.manifest -> index.html [5fd915bb486b7.index.xsl]
[15/Dec/2020 21:00:01 Europe/Stockholm] [Info] # Took 12.490829 seconds to render.
